失败用例:TestCase/Test_login.py::TestLogin::test_login[CaseData0](编号：Login_success)
失败用例:TestCase/Test_login.py::TestLogin::test_login[CaseData0](编号：Login_success)
失败用例:TestCase/Test_login.py::TestLogin::test_login[CaseData0](编号：Login_success)
失败用例:TestCase/Test_create_sample_form.py::TestCreateSampleForm::test_create_sample_form[CaseData0](编号：Create_Sample_Form_success)
失败用例:TestCase/Test_create_sample_form.py::TestCreateSampleForm::test_create_sample_form[CaseData0](编号：Create_Sample_Form_success)
失败用例:TestCase/Test_create_sample_form.py::TestCreateSampleForm::test_create_sample_form[CaseData0](编号：Create_Sample_Form_success)
失败用例:TestCase/Test_create_sample_form.py::TestCreateSampleForm::test_create_sample_form[CaseData0](编号：Create_Sample_Form_success)
失败用例:TestCase/Test_create_sample_form.py::TestCreateSampleForm::test_create_sample_form[CaseData0](编号：Create_Sample_Form_success)
失败用例:TestCase/Test_create_sample_form.py::TestCreateSampleForm::test_create_sample_form[CaseData0](编号：Create_Sample_Form_success)
失败用例:TestCase/Test_create_sample_form.py::TestCreateSampleForm::test_create_sample_form[CaseData0](编号：Create_Sample_Form_success)
失败用例:TestCase/Test_create_sample_form.py::TestCreateSampleForm::test_create_sample_form[CaseData0](编号：Create_Sample_Form_success)
失败用例:TestCase/Test_create_sample_form.py::TestCreateSampleForm::test_create_sample_form[CaseData0](编号：Create_Sample_Form_success)
失败用例:TestCase/Test_create_sample_form.py::TestCreateSampleForm::test_create_sample_form[CaseData0](编号：Create_Sample_Form_success)
失败用例:TestCase/Test_create_sample_form.py::TestCreateSampleForm::test_create_sample_form[CaseData0](编号：Create_Sample_Form_success)
失败用例:TestCase/Test_create_sample_form.py::TestCreateSampleForm::test_create_sample_form[CaseData0](编号：Create_Sample_Form_success)
失败用例:TestCase/Test_create_sample_form.py::TestCreateSampleForm::test_create_sample_form[CaseData0](编号：Create_Sample_Form_success)
失败用例:TestCase/Test_login.py::TestLogin::test_login[CaseData0](编号：Login_success)
失败用例:TestCase/Test_create_sample_form.py::TestCreateSampleForm::test_create_sample_form[CaseData0](编号：Create_Sample_Form_success)
失败用例:TestCase/Test_create_sample_form.py::TestCreateSampleForm::test_create_sample_form[CaseData0](编号：Create_Sample_Form_success)
失败用例:TestCase/Test_create_sample_form.py::TestCreateSampleForm::test_create_sample_form[CaseData0](编号：Create_Sample_Form_success)
失败用例:TestCase/Test_create_sample_form.py::TestCreateSampleForm::test_create_sample_form[CaseData0](编号：Create_Sample_Form_success)
失败用例:TestCase/Test_create_sample_form.py::TestCreateSampleForm::test_create_sample_form[CaseData0](编号：Create_Sample_Form_success)
失败用例:TestCase/Test_create_sample_form.py::TestCreateSampleForm::test_create_sample_form[CaseData0](编号：Create_Sample_Form_success)
失败用例:TestCase/Test_create_sample_form.py::TestCreateSampleForm::test_create_sample_form[CaseData0](编号：Create_Sample_Form_success)
失败用例:TestCase/Test_create_sample_form.py::TestCreateSampleForm::test_create_sample_form[CaseData0](编号：Create_Sample_Form_success)
失败用例:TestCase/Test_create_sample_form.py::TestCreateSampleForm::test_create_sample_form[CaseData0](编号：Create_Sample_Form_success)
失败用例:TestCase/Test_create_modules.py::TestCreateSampleForm::test_create_all_modules(编号：未知编号)
失败用例:TestCase/Test_create_modules.py::TestCreateSampleForm::test_create_all_modules(编号：未知编号)
失败用例:TestCase/Test_create_modules.py::TestCreateSampleForm::test_create_all_modules(编号：未知编号)
失败用例:TestCase/Test_create_modules.py::TestCreateSampleForm::test_create_all_modules(编号：未知编号)
失败用例:TestCase/Test_create_modules.py::TestCreateSampleForm::test_create_all_modules(编号：未知编号)
失败用例:TestCase/Test_create_modules.py::TestCreateSampleForm::test_create_all_modules(编号：未知编号)
失败用例:TestCase/Test_create_modules.py::TestCreateSampleForm::test_create_all_modules(编号：未知编号)
失败用例:TestCase/Test_create_modules.py::TestCreateSampleForm::test_create_all_modules(编号：未知编号)
失败用例:TestCase/Test_create_modules.py::TestCreateSampleForm::test_create_all_modules(编号：未知编号)
失败用例:TestCase/Test_create_modules.py::TestCreateSampleForm::test_create_all_modules(编号：未知编号)
失败用例:TestCase/Test_create_modules.py::TestCreateSampleForm::test_create_all_modules(编号：未知编号)
失败用例:TestCase/Test_create_modules.py::TestCreateSampleForm::test_create_excel(编号：未知编号)
失败用例:TestCase/Test_create_modules.py::TestCreateSampleForm::test_create_use_excel(编号：未知编号)
失败用例:TestCase/Test_create_modules.py::TestCreateSampleForm::test_create_ppt(编号：未知编号)
失败用例:TestCase/Test_create_modules.py::TestCreateSampleForm::test_create_folder(编号：未知编号)
失败用例:TestCase/Test_create_modules.py::TestCreateSampleForm::test_create_word(编号：未知编号)
失败用例:TestCase/Test_create_modules.py::TestCreateSampleForm::test_create_traditional_word(编号：未知编号)
失败用例:TestCase/Test_create_modules.py::TestCreateSampleForm::test_create_excel(编号：未知编号)
失败用例:TestCase/Test_create_modules.py::TestCreateSampleForm::test_create_use_excel(编号：未知编号)
失败用例:TestCase/Test_create_modules.py::TestCreateSampleForm::test_create_ppt(编号：未知编号)
